<?xml version="1.0" encoding="UTF-8"?>
<coverage generated="1745301382446" clover="3.2.0">
  <project timestamp="1745301382446" name="All files">
    <metrics statements="15" coveredstatements="15" conditionals="1" coveredconditionals="1" methods="7" coveredmethods="7" elements="23" coveredelements="23" complexity="0" loc="15" ncloc="15" packages="1" files="1" classes="1"/>
    <file name="Logger.ts" path="C:\Users\nwike\Dictionary\app\src\utils\Logger.ts">
      <metrics statements="15" coveredstatements="15" conditionals="1" coveredconditionals="1" methods="7" coveredmethods="7"/>
      <line num="1" count="1" type="stmt"/>
      <line num="2" count="1" type="stmt"/>
      <line num="4" count="1" type="stmt"/>
      <line num="8" count="2" type="stmt"/>
      <line num="12" count="3" type="stmt"/>
      <line num="16" count="4" type="stmt"/>
      <line num="19" count="3" type="stmt"/>
      <line num="23" count="3" type="cond" truecount="1" falsecount="0"/>
      <line num="24" count="1" type="stmt"/>
      <line num="30" count="3" type="stmt"/>
      <line num="47" count="1" type="stmt"/>
      <line num="51" count="1" type="stmt"/>
      <line num="55" count="1" type="stmt"/>
      <line num="59" count="1" type="stmt"/>
      <line num="63" count="1" type="stmt"/>
    </file>
  </project>
</coverage>
