{"C:\\Users\\nwike\\Dictionary\\app\\src\\utils\\Logger.ts": {"path":"C:\\Users\\nwike\\Dictionary\\app\\src\\utils\\Logger.ts","statementMap":{"0":{"start":{"line":1,"column":0},"end":{"line":1,"column":30}},"1":{"start":{"line":2,"column":0},"end":{"line":2,"column":30}},"2":{"start":{"line":8,"column":4},"end":{"line":8,"column":34}},"3":{"start":{"line":12,"column":19},"end":{"line":17,"column":null}},"4":{"start":{"line":16,"column":18},"end":{"line":16,"column":68}},"5":{"start":{"line":19,"column":44},"end":{"line":21,"column":6}},"6":{"start":{"line":23,"column":4},"end":{"line":28,"column":8}},"7":{"start":{"line":24,"column":6},"end":{"line":28,"column":8}},"8":{"start":{"line":30,"column":4},"end":{"line":43,"column":7}},"9":{"start":{"line":47,"column":4},"end":{"line":47,"column":39}},"10":{"start":{"line":51,"column":4},"end":{"line":51,"column":40}},"11":{"start":{"line":55,"column":4},"end":{"line":55,"column":39}},"12":{"start":{"line":59,"column":4},"end":{"line":59,"column":40}},"13":{"start":{"line":4,"column":0},"end":{"line":4,"column":13}},"14":{"start":{"line":63,"column":0},"end":{"line":63,"column":28}}},"fnMap":{"0":{"name":"(anonymous_1)","decl":{"start":{"line":7,"column":2},"end":{"line":7,"column":6}},"loc":{"start":{"line":7,"column":16},"end":{"line":9,"column":3}}},"1":{"name":"(anonymous_2)","decl":{"start":{"line":11,"column":2},"end":{"line":11,"column":null}},"loc":{"start":{"line":11,"column":2},"end":{"line":44,"column":3}}},"2":{"name":"(anonymous_3)","decl":{"start":{"line":16,"column":8},"end":{"line":16,"column":9}},"loc":{"start":{"line":16,"column":18},"end":{"line":16,"column":68}}},"3":{"name":"(anonymous_4)","decl":{"start":{"line":46,"column":2},"end":{"line":46,"column":6}},"loc":{"start":{"line":46,"column":38},"end":{"line":48,"column":3}}},"4":{"name":"(anonymous_5)","decl":{"start":{"line":50,"column":2},"end":{"line":50,"column":7}},"loc":{"start":{"line":50,"column":39},"end":{"line":52,"column":3}}},"5":{"name":"(anonymous_6)","decl":{"start":{"line":54,"column":2},"end":{"line":54,"column":6}},"loc":{"start":{"line":54,"column":38},"end":{"line":56,"column":3}}},"6":{"name":"(anonymous_7)","decl":{"start":{"line":58,"column":2},"end":{"line":58,"column":7}},"loc":{"start":{"line":58,"column":39},"end":{"line":60,"column":3}}}},"branchMap":{"0":{"loc":{"start":{"line":23,"column":4},"end":{"line":28,"column":8}},"type":"if","locations":[{"start":{"line":23,"column":4},"end":{"line":28,"column":8}}]}},"s":{"0":1,"1":1,"2":2,"3":3,"4":4,"5":3,"6":3,"7":1,"8":3,"9":1,"10":1,"11":1,"12":1,"13":1,"14":1},"f":{"0":2,"1":3,"2":4,"3":1,"4":1,"5":1,"6":1},"b":{"0":[1]}}
}
