TN:
SF:src\utils\Dictionary.ts
FN:18,(anonymous_17)
FN:27,(anonymous_18)
FN:32,(anonymous_19)
FN:38,(anonymous_20)
FN:51,(anonymous_22)
FN:59,(anonymous_23)
FN:69,(anonymous_24)
FN:72,(anonymous_25)
FN:81,(anonymous_26)
FN:84,(anonymous_27)
FN:87,(anonymous_28)
FN:94,(anonymous_29)
FN:97,(anonymous_30)
FN:101,(anonymous_31)
FN:102,(anonymous_32)
FN:110,(anonymous_33)
FNF:16
FNH:3
FNDA:12,(anonymous_17)
FNDA:0,(anonymous_18)
FNDA:2,(anonymous_19)
FNDA:2,(anonymous_20)
FNDA:0,(anonymous_22)
FNDA:0,(anonymous_23)
FNDA:0,(anonymous_24)
FNDA:0,(anonymous_25)
FNDA:0,(anonymous_26)
FNDA:0,(anonymous_27)
FNDA:0,(anonymous_28)
FNDA:0,(anonymous_29)
FNDA:0,(anonymous_30)
FNDA:0,(anonymous_31)
FNDA:0,(anonymous_32)
FNDA:0,(anonymous_33)
DA:1,1
DA:2,1
DA:11,1
DA:19,12
DA:20,12
DA:21,12
DA:22,12
DA:23,12
DA:24,12
DA:28,0
DA:29,0
DA:33,2
DA:34,1
DA:35,1
DA:39,2
DA:40,2
DA:41,2
DA:42,2
DA:43,2
DA:44,2
DA:45,2
DA:46,2
DA:47,2
DA:48,1
DA:52,0
DA:54,0
DA:55,0
DA:60,0
DA:68,0
DA:69,0
DA:74,0
DA:76,0
DA:77,0
DA:81,0
DA:83,0
DA:84,0
DA:88,0
DA:91,0
DA:94,0
DA:97,0
DA:99,0
DA:100,0
DA:101,0
DA:103,0
DA:111,0
DA:113,0
DA:114,0
DA:115,0
DA:116,0
DA:118,0
DA:127,1
LF:51
LH:23
BRDA:33,0,0,1
BRDA:47,1,0,1
BRDA:56,2,0,0
BRDA:56,2,1,0
BRDA:68,3,0,0
BRDA:78,4,0,0
BRDA:78,4,1,0
BRDA:83,5,0,0
BRDA:91,6,0,0
BRDA:91,6,1,0
BRDA:99,7,0,0
BRF:11
BRH:2
end_of_record
TN:
SF:src\utils\Logger.ts
FN:7,(anonymous_1)
FN:11,(anonymous_2)
FN:16,(anonymous_3)
FN:46,(anonymous_4)
FN:50,(anonymous_5)
FN:54,(anonymous_6)
FN:58,(anonymous_7)
FNF:7
FNH:7
FNDA:2,(anonymous_1)
FNDA:3,(anonymous_2)
FNDA:4,(anonymous_3)
FNDA:1,(anonymous_4)
FNDA:1,(anonymous_5)
FNDA:1,(anonymous_6)
FNDA:1,(anonymous_7)
DA:1,1
DA:2,1
DA:4,1
DA:8,2
DA:12,3
DA:16,4
DA:19,3
DA:23,3
DA:24,1
DA:30,3
DA:47,1
DA:51,1
DA:55,1
DA:59,1
DA:63,1
LF:15
LH:15
BRDA:23,0,0,1
BRF:1
BRH:1
end_of_record
