{"C:\\Users\\nwike\\Dictionary\\src\\utils\\Dictionary.ts": {"path":"C:\\Users\\nwike\\Dictionary\\src\\utils\\Dictionary.ts","statementMap":{"0":{"start":{"line":1,"column":0},"end":{"line":1,"column":35}},"1":{"start":{"line":2,"column":0},"end":{"line":2,"column":43}},"2":{"start":{"line":19,"column":4},"end":{"line":19,"column":21}},"3":{"start":{"line":20,"column":4},"end":{"line":20,"column":20}},"4":{"start":{"line":21,"column":4},"end":{"line":21,"column":21}},"5":{"start":{"line":22,"column":4},"end":{"line":22,"column":25}},"6":{"start":{"line":23,"column":4},"end":{"line":23,"column":31}},"7":{"start":{"line":24,"column":4},"end":{"line":24,"column":25}},"8":{"start":{"line":28,"column":14},"end":{"line":28,"column":32}},"9":{"start":{"line":29,"column":4},"end":{"line":29,"column":35}},"10":{"start":{"line":33,"column":4},"end":{"line":34,"column":75}},"11":{"start":{"line":34,"column":6},"end":{"line":34,"column":75}},"12":{"start":{"line":35,"column":4},"end":{"line":35,"column":11}},"13":{"start":{"line":39,"column":16},"end":{"line":39,"column":67}},"14":{"start":{"line":40,"column":4},"end":{"line":40,"column":44}},"15":{"start":{"line":41,"column":4},"end":{"line":41,"column":53}},"16":{"start":{"line":42,"column":4},"end":{"line":42,"column":41}},"17":{"start":{"line":43,"column":4},"end":{"line":43,"column":43}},"18":{"start":{"line":44,"column":4},"end":{"line":44,"column":40}},"19":{"start":{"line":45,"column":21},"end":{"line":45,"column":48}},"20":{"start":{"line":46,"column":17},"end":{"line":46,"column":38}},"21":{"start":{"line":47,"column":4},"end":{"line":47,"column":32}},"22":{"start":{"line":47,"column":20},"end":{"line":47,"column":32}},"23":{"start":{"line":48,"column":4},"end":{"line":48,"column":27}},"24":{"start":{"line":52,"column":14},"end":{"line":52,"column":32}},"25":{"start":{"line":54,"column":39},"end":{"line":54,"column":41}},"26":{"start":{"line":55,"column":4},"end":{"line":66,"column":10}},"27":{"start":{"line":60,"column":10},"end":{"line":65,"column":19}},"28":{"start":{"line":68,"column":4},"end":{"line":68,"column":29}},"29":{"start":{"line":68,"column":19},"end":{"line":68,"column":29}},"30":{"start":{"line":69,"column":4},"end":{"line":69,"column":54}},"31":{"start":{"line":69,"column":37},"end":{"line":69,"column":52}},"32":{"start":{"line":74,"column":14},"end":{"line":74,"column":32}},"33":{"start":{"line":76,"column":45},"end":{"line":76,"column":47}},"34":{"start":{"line":77,"column":4},"end":{"line":81,"column":42}},"35":{"start":{"line":81,"column":21},"end":{"line":81,"column":40}},"36":{"start":{"line":83,"column":4},"end":{"line":83,"column":35}},"37":{"start":{"line":83,"column":25},"end":{"line":83,"column":35}},"38":{"start":{"line":84,"column":4},"end":{"line":84,"column":60}},"39":{"start":{"line":84,"column":43},"end":{"line":84,"column":58}},"40":{"start":{"line":88,"column":14},"end":{"line":88,"column":32}},"41":{"start":{"line":91,"column":6},"end":{"line":97,"column":45}},"42":{"start":{"line":94,"column":25},"end":{"line":94,"column":44}},"43":{"start":{"line":97,"column":25},"end":{"line":97,"column":44}},"44":{"start":{"line":99,"column":4},"end":{"line":99,"column":29}},"45":{"start":{"line":99,"column":19},"end":{"line":99,"column":29}},"46":{"start":{"line":100,"column":4},"end":{"line":107,"column":8}},"47":{"start":{"line":101,"column":24},"end":{"line":101,"column":39}},"48":{"start":{"line":103,"column":8},"end":{"line":106,"column":17}},"49":{"start":{"line":111,"column":17},"end":{"line":111,"column":57}},"50":{"start":{"line":113,"column":24},"end":{"line":113,"column":33}},"51":{"start":{"line":114,"column":4},"end":{"line":114,"column":50}},"52":{"start":{"line":115,"column":4},"end":{"line":115,"column":68}},"53":{"start":{"line":116,"column":4},"end":{"line":116,"column":60}},"54":{"start":{"line":118,"column":4},"end":{"line":123,"column":6}},"55":{"start":{"line":11,"column":0},"end":{"line":11,"column":21}},"56":{"start":{"line":127,"column":13},"end":{"line":127,"column":43}}},"fnMap":{"0":{"name":"(anonymous_10)","decl":{"start":{"line":18,"column":2},"end":{"line":18,"column":null}},"loc":{"start":{"line":18,"column":2},"end":{"line":25,"column":3}}},"1":{"name":"(anonymous_11)","decl":{"start":{"line":27,"column":10},"end":{"line":27,"column":28}},"loc":{"start":{"line":27,"column":41},"end":{"line":30,"column":3}}},"2":{"name":"(anonymous_12)","decl":{"start":{"line":32,"column":2},"end":{"line":32,"column":15}},"loc":{"start":{"line":32,"column":33},"end":{"line":36,"column":3}}},"3":{"name":"(anonymous_13)","decl":{"start":{"line":38,"column":2},"end":{"line":38,"column":7}},"loc":{"start":{"line":38,"column":57},"end":{"line":49,"column":3}}},"4":{"name":"(anonymous_14)","decl":{"start":{"line":51,"column":2},"end":{"line":51,"column":13}},"loc":{"start":{"line":51,"column":26},"end":{"line":70,"column":3}}},"5":{"name":"(anonymous_15)","decl":{"start":{"line":59,"column":13},"end":{"line":59,"column":14}},"loc":{"start":{"line":60,"column":10},"end":{"line":65,"column":19}}},"6":{"name":"(anonymous_16)","decl":{"start":{"line":69,"column":27},"end":{"line":69,"column":28}},"loc":{"start":{"line":69,"column":37},"end":{"line":69,"column":52}}},"7":{"name":"(anonymous_17)","decl":{"start":{"line":72,"column":2},"end":{"line":72,"column":19}},"loc":{"start":{"line":72,"column":51},"end":{"line":85,"column":3}}},"8":{"name":"(anonymous_18)","decl":{"start":{"line":81,"column":13},"end":{"line":81,"column":14}},"loc":{"start":{"line":81,"column":21},"end":{"line":81,"column":40}}},"9":{"name":"(anonymous_19)","decl":{"start":{"line":84,"column":33},"end":{"line":84,"column":34}},"loc":{"start":{"line":84,"column":43},"end":{"line":84,"column":58}}},"10":{"name":"(anonymous_20)","decl":{"start":{"line":87,"column":2},"end":{"line":87,"column":17}},"loc":{"start":{"line":87,"column":49},"end":{"line":108,"column":3}}},"11":{"name":"(anonymous_21)","decl":{"start":{"line":94,"column":17},"end":{"line":94,"column":18}},"loc":{"start":{"line":94,"column":25},"end":{"line":94,"column":44}}},"12":{"name":"(anonymous_22)","decl":{"start":{"line":97,"column":17},"end":{"line":97,"column":18}},"loc":{"start":{"line":97,"column":25},"end":{"line":97,"column":44}}},"13":{"name":"(anonymous_23)","decl":{"start":{"line":101,"column":14},"end":{"line":101,"column":15}},"loc":{"start":{"line":101,"column":24},"end":{"line":101,"column":39}}},"14":{"name":"(anonymous_24)","decl":{"start":{"line":102,"column":11},"end":{"line":102,"column":12}},"loc":{"start":{"line":103,"column":8},"end":{"line":106,"column":17}}},"15":{"name":"(anonymous_25)","decl":{"start":{"line":110,"column":2},"end":{"line":110,"column":7}},"loc":{"start":{"line":110,"column":49},"end":{"line":124,"column":3}}}},"branchMap":{"0":{"loc":{"start":{"line":33,"column":4},"end":{"line":34,"column":75}},"type":"if","locations":[{"start":{"line":33,"column":4},"end":{"line":34,"column":75}}]},"1":{"loc":{"start":{"line":47,"column":4},"end":{"line":47,"column":32}},"type":"if","locations":[{"start":{"line":47,"column":4},"end":{"line":47,"column":32}}]},"2":{"loc":{"start":{"line":56,"column":6},"end":{"line":65,"column":null}},"type":"binary-expr","locations":[{"start":{"line":56,"column":6},"end":{"line":56,"column":24}},{"start":{"line":57,"column":6},"end":{"line":65,"column":null}}]},"3":{"loc":{"start":{"line":68,"column":4},"end":{"line":68,"column":29}},"type":"if","locations":[{"start":{"line":68,"column":4},"end":{"line":68,"column":29}}]},"4":{"loc":{"start":{"line":78,"column":6},"end":{"line":81,"column":41}},"type":"binary-expr","locations":[{"start":{"line":78,"column":6},"end":{"line":78,"column":19}},{"start":{"line":79,"column":6},"end":{"line":81,"column":41}}]},"5":{"loc":{"start":{"line":83,"column":4},"end":{"line":83,"column":35}},"type":"if","locations":[{"start":{"line":83,"column":4},"end":{"line":83,"column":35}}]},"6":{"loc":{"start":{"line":91,"column":6},"end":{"line":97,"column":45}},"type":"cond-expr","locations":[{"start":{"line":92,"column":10},"end":{"line":94,"column":45}},{"start":{"line":95,"column":10},"end":{"line":97,"column":45}}]},"7":{"loc":{"start":{"line":99,"column":4},"end":{"line":99,"column":29}},"type":"if","locations":[{"start":{"line":99,"column":4},"end":{"line":99,"column":29}}]}},"s":{"0":1,"1":1,"2":12,"3":12,"4":12,"5":12,"6":12,"7":12,"8":0,"9":0,"10":2,"11":1,"12":1,"13":2,"14":2,"15":2,"16":2,"17":2,"18":2,"19":2,"20":2,"21":2,"22":1,"23":1,"24":0,"25":0,"26":0,"27":0,"28":0,"29":0,"30":0,"31":0,"32":0,"33":0,"34":0,"35":0,"36":0,"37":0,"38":0,"39":0,"40":0,"41":0,"42":0,"43":0,"44":0,"45":0,"46":0,"47":0,"48":0,"49":0,"50":0,"51":0,"52":0,"53":0,"54":0,"55":1,"56":1},"f":{"0":12,"1":0,"2":2,"3":2,"4":0,"5":0,"6":0,"7":0,"8":0,"9":0,"10":0,"11":0,"12":0,"13":0,"14":0,"15":0},"b":{"0":[1],"1":[1],"2":[0,0],"3":[0],"4":[0,0],"5":[0],"6":[0,0],"7":[0]}}
,"C:\\Users\\nwike\\Dictionary\\src\\utils\\Logger.ts": {"path":"C:\\Users\\nwike\\Dictionary\\src\\utils\\Logger.ts","statementMap":{"0":{"start":{"line":1,"column":0},"end":{"line":1,"column":30}},"1":{"start":{"line":2,"column":0},"end":{"line":2,"column":30}},"2":{"start":{"line":8,"column":4},"end":{"line":8,"column":34}},"3":{"start":{"line":12,"column":19},"end":{"line":17,"column":null}},"4":{"start":{"line":16,"column":18},"end":{"line":16,"column":68}},"5":{"start":{"line":19,"column":44},"end":{"line":21,"column":6}},"6":{"start":{"line":23,"column":4},"end":{"line":28,"column":8}},"7":{"start":{"line":24,"column":6},"end":{"line":28,"column":8}},"8":{"start":{"line":30,"column":4},"end":{"line":43,"column":7}},"9":{"start":{"line":47,"column":4},"end":{"line":47,"column":39}},"10":{"start":{"line":51,"column":4},"end":{"line":51,"column":40}},"11":{"start":{"line":55,"column":4},"end":{"line":55,"column":39}},"12":{"start":{"line":59,"column":4},"end":{"line":59,"column":40}},"13":{"start":{"line":4,"column":0},"end":{"line":4,"column":13}},"14":{"start":{"line":63,"column":0},"end":{"line":63,"column":28}}},"fnMap":{"0":{"name":"(anonymous_1)","decl":{"start":{"line":7,"column":2},"end":{"line":7,"column":6}},"loc":{"start":{"line":7,"column":16},"end":{"line":9,"column":3}}},"1":{"name":"(anonymous_2)","decl":{"start":{"line":11,"column":2},"end":{"line":11,"column":null}},"loc":{"start":{"line":11,"column":2},"end":{"line":44,"column":3}}},"2":{"name":"(anonymous_3)","decl":{"start":{"line":16,"column":8},"end":{"line":16,"column":9}},"loc":{"start":{"line":16,"column":18},"end":{"line":16,"column":68}}},"3":{"name":"(anonymous_4)","decl":{"start":{"line":46,"column":2},"end":{"line":46,"column":6}},"loc":{"start":{"line":46,"column":38},"end":{"line":48,"column":3}}},"4":{"name":"(anonymous_5)","decl":{"start":{"line":50,"column":2},"end":{"line":50,"column":7}},"loc":{"start":{"line":50,"column":39},"end":{"line":52,"column":3}}},"5":{"name":"(anonymous_6)","decl":{"start":{"line":54,"column":2},"end":{"line":54,"column":6}},"loc":{"start":{"line":54,"column":38},"end":{"line":56,"column":3}}},"6":{"name":"(anonymous_7)","decl":{"start":{"line":58,"column":2},"end":{"line":58,"column":7}},"loc":{"start":{"line":58,"column":39},"end":{"line":60,"column":3}}}},"branchMap":{"0":{"loc":{"start":{"line":23,"column":4},"end":{"line":28,"column":8}},"type":"if","locations":[{"start":{"line":23,"column":4},"end":{"line":28,"column":8}}]}},"s":{"0":1,"1":1,"2":2,"3":3,"4":4,"5":3,"6":3,"7":1,"8":3,"9":1,"10":1,"11":1,"12":1,"13":1,"14":1},"f":{"0":2,"1":3,"2":4,"3":1,"4":1,"5":1,"6":1},"b":{"0":[1]}}
}
